2025-05-22 10:00:00 ERROR: Connection failed
2025-05-22 10:01:00 INFO: Login successful
2025-05-22 10:02:00 ERROR: Timeout
2025-05-22 10:03:00 INFO: System running
2025-05-22 10:04:00 WARNING: Low memory
2025-05-22 10:05:00 ERROR: Disk full:
2025-05-22 10:00:00 ERROR: Connection failed
2025-05-22 10:00:01 INFO: User login successful
2025-05-22 10:00:02 WARNING: High CPU usage detected
2025-05-22 10:00:03 DEBUG: Starting database sync
2025-05-22 10:00:04 ERROR: Timeout on server request
2025-05-22 10:00:05 INFO: System backup completed
2025-05-22 10:00:06 ERROR: Disk space critically low
2025-05-22 10:00:07 INFO: Network interface up
2025-05-22 10:00:08 WARNING: Memory usage at 85%
2025-05-22 10:00:09 DEBUG: Processing queue item 1
2025-05-22 10:00:10 ERROR: Database connection lost
2025-05-22 10:00:11 INFO: User session started
2025-05-22 10:00:12 WARNING: Unrecognized IP address
2025-05-22 10:00:13 DEBUG: Cache cleared successfully
2025-05-22 10:00:14 ERROR: File not found
2025-05-22 10:00:15 INFO: Update applied successfully
2025-05-22 10:00:16 ERROR: Authentication failed
2025-05-22 10:00:17 INFO: Service restarted
2025-05-22 10:00:18 WARNING: Slow response time
2025-05-22 10:00:19 DEBUG: Log rotation complete
2025-05-22 10:00:20 ERROR: Invalid configuration
2025-05-22 10:00:21 INFO: Data sync initiated
2025-05-22 10:00:22 WARNING: Low battery on device
2025-05-22 10:00:23 DEBUG: Parsing input data
2025-05-22 10:00:24 ERROR: Network timeout
2025-05-22 10:00:25 INFO: User logout
2025-05-22 10:00:26 ERROR: Permission denied
2025-05-22 10:00:27 INFO: System check passed
2025-05-22 10:00:28 WARNING: Disk I/O error
2025-05-22 10:00:29 DEBUG: Indexing files
2025-05-22 10:00:30 ERROR: Server crashed
2025-05-22 10:00:31 INFO: Reboot initiated
2025-05-22 10:00:32 WARNING: High network latency
2025-05-22 10:00:33 DEBUG: Memory cleanup done
2025-05-22 10:00:34 ERROR: API rate limit exceeded
2025-05-22 10:00:35 INFO: Configuration loaded
2025-05-22 10:00:36 ERROR: Invalid user input
2025-05-22 10:00:37 INFO: Security scan complete
2025-05-22 10:00:38 WARNING: Suspicious activity detected
2025-05-22 10:00:39 DEBUG: Updating records
2025-05-22 10:00:40 ERROR: Connection reset
2025-05-22 10:00:41 INFO: Transaction processed
2025-05-22 10:00:42 WARNING: Queue backlog
2025-05-22 10:00:43 DEBUG: Session timeout reset
2025-05-22 10:00:44 ERROR: Resource unavailable
2025-05-22 10:00:45 INFO: Backup restored
2025-05-22 10:00:46 ERROR: Syntax error in script
2025-05-22 10:00:47 INFO: User profile updated
2025-05-22 10:00:48 WARNING: Temperature high
2025-05-22 10:00:49 DEBUG: Log file archived
2025-05-22 10:00:50 ERROR: Database query failed
2025-05-22 10:00:51 INFO: System online
2025-05-22 10:00:52 WARNING: Unauthorized access attempt
2025-05-22 10:00:53 DEBUG: Rebuilding index
2025-05-22 10:00:54 ERROR: Out of memory
2025-05-22 10:00:55 INFO: Email sent successfully
2025-05-22 10:00:56 ERROR: Service unavailable
2025-05-22 10:00:57 INFO: Cache refreshed
2025-05-22 10:00:58 WARNING: Disk write error
2025-05-22 10:00:59 DEBUG: Processing complete
2025-05-22 10:01:00 ERROR: Invalid token
2025-05-22 10:01:01 INFO: Session ended
2025-05-22 10:01:02 WARNING: Network congestion
2025-05-22 10:01:03 DEBUG: Data validated
2025-05-22 10:01:04 ERROR: Timeout on API call
2025-05-22 10:01:05 INFO: Report generated
2025-05-22 10:01:06 ERROR: File corrupted
2025-05-22 10:01:07 INFO: User registered
2025-05-22 10:01:08 WARNING: Low disk space
2025-05-22 10:01:09 DEBUG: Cleaning temp files
2025-05-22 10:01:10 ERROR: Connection dropped
2025-05-22 10:01:11 INFO: Database optimized
2025-05-22 10:01:12 WARNING: High memory usage
2025-05-22 10:01:13 DEBUG: Log entry added
2025-05-22 10:01:14 ERROR: Invalid request
2025-05-22 10:01:15 INFO: System update available
2025-05-22 10:01:16 ERROR: Lock contention
2025-05-22 10:01:17 INFO: Task scheduled
2025-05-22 10:01:18 WARNING: Slow disk performance
2025-05-22 10:01:19 DEBUG: Configuration saved
2025-05-22 10:01:20 ERROR: Access denied
2025-05-22 10:01:21 INFO: Data exported
2025-05-22 10:01:22 WARNING: CPU overheating
2025-05-22 10:01:23 DEBUG: Queue processed
2025-05-22 10:01:24 ERROR: Network failure
2025-05-22 10:01:25 INFO: Log truncated
2025-05-22 10:01:26 ERROR: Invalid parameter
2025-05-22 10:01:27 INFO: User authenticated
2025-05-22 10:01:28 WARNING: Security alert
2025-05-22 10:01:29 DEBUG: System diagnostics run
2025-05-22 10:01:30 ERROR: Disk full
2025-05-22 10:01:31 INFO: Service stopped
2025-05-22 10:01:32 WARNING: Connection unstable
2025-05-22 10:01:33 DEBUG: Temp files removed
2025-05-22 10:01:34 ERROR: Timeout waiting for response
2025-05-22 10:01:35 INFO: System restarted
2025-05-22 10:01:36 ERROR: Invalid session
2025-05-22 10:01:37 INFO: Data imported
2025-05-22 10:01:38 WARNING: Resource limit reached
2025-05-22 10:01:39 DEBUG: Log cleanup complete